<?xml version="1.0" encoding="UTF-8"?>
<robot generator="Robot 6.0.2 (Python 3.11.0 on win32)" generated="20230202 15:58:33.548" rpa="false" schemaversion="3">
<suite id="s1" name="265 Test" source="c:\Users\kklepacka\Documents\SquashAD\Tests_caracteres_speciaux\Test_CS_steps\tests\bdd-squash\265_Test__.robot">
<test id="s1-t1" name="Test &quot;" line="12">
<kw name="Test Setup" type="SETUP">
<doc>test setup
You can define the ${TEST_SETUP} variable with a keyword for setting up all your tests.
You can define the ${TEST_265_SETUP} variable with a keyword for setting up this specific test.
If both are defined, ${TEST_265_SETUP} will be run after ${TEST_SETUP}.</doc>
<kw name="Get Variable Value" library="BuiltIn">
<var>${TEST_SETUP_VALUE}</var>
<arg>${TEST_SETUP}</arg>
<doc>Returns variable value or ``default`` if the variable does not exist.</doc>
<msg timestamp="20230202 15:58:33.735" level="INFO">${TEST_SETUP_VALUE} = None</msg>
<status status="PASS" starttime="20230202 15:58:33.724" endtime="20230202 15:58:33.739"/>
</kw>
<kw name="Get Variable Value" library="BuiltIn">
<var>${TEST_265_SETUP_VALUE}</var>
<arg>${TEST_265_SETUP}</arg>
<doc>Returns variable value or ``default`` if the variable does not exist.</doc>
<msg timestamp="20230202 15:58:33.751" level="INFO">${TEST_265_SETUP_VALUE} = None</msg>
<status status="PASS" starttime="20230202 15:58:33.739" endtime="20230202 15:58:33.751"/>
</kw>
<if>
<branch type="IF" condition="$TEST_SETUP_VALUE is not None">
<kw name="Run Keyword" library="BuiltIn">
<arg>${TEST_SETUP}</arg>
<doc>Executes the given keyword with the given arguments.</doc>
<status status="NOT RUN" starttime="20230202 15:58:33.756" endtime="20230202 15:58:33.756"/>
</kw>
<status status="NOT RUN" starttime="20230202 15:58:33.752" endtime="20230202 15:58:33.756"/>
</branch>
<status status="PASS" starttime="20230202 15:58:33.752" endtime="20230202 15:58:33.756"/>
</if>
<if>
<branch type="IF" condition="$TEST_265_SETUP_VALUE is not None">
<kw name="Run Keyword" library="BuiltIn">
<arg>${TEST_265_SETUP}</arg>
<doc>Executes the given keyword with the given arguments.</doc>
<status status="NOT RUN" starttime="20230202 15:58:33.764" endtime="20230202 15:58:33.764"/>
</kw>
<status status="NOT RUN" starttime="20230202 15:58:33.764" endtime="20230202 15:58:33.764"/>
</branch>
<status status="PASS" starttime="20230202 15:58:33.756" endtime="20230202 15:58:33.764"/>
</if>
<status status="PASS" starttime="20230202 15:58:33.718" endtime="20230202 15:58:33.764"/>
</kw>
<kw name="Given je saisis Test &quot;" library="myKeywords">
<kw name="logto" library="myKeywords">
<arg>"</arg>
<kw name="Log To Console" library="BuiltIn">
<arg>i am alive ${arg}</arg>
<doc>Logs the given message to the console.</doc>
<status status="PASS" starttime="20230202 15:58:33.772" endtime="20230202 15:58:33.775"/>
</kw>
<status status="PASS" starttime="20230202 15:58:33.764" endtime="20230202 15:58:33.776"/>
</kw>
<status status="PASS" starttime="20230202 15:58:33.764" endtime="20230202 15:58:33.776"/>
</kw>
<kw name="Test Teardown" type="TEARDOWN">
<doc>test teardown
You can define the ${TEST_TEARDOWN} variable with a keyword for tearing down all your tests.
You can define the ${TEST_265_TEARDOWN} variable with a keyword for tearing down this specific test.
If both are defined, ${TEST_TEARDOWN} will be run after ${TEST_265_TEARDOWN}.</doc>
<kw name="Get Variable Value" library="BuiltIn">
<var>${TEST_265_TEARDOWN_VALUE}</var>
<arg>${TEST_265_TEARDOWN}</arg>
<doc>Returns variable value or ``default`` if the variable does not exist.</doc>
<msg timestamp="20230202 15:58:33.787" level="INFO">${TEST_265_TEARDOWN_VALUE} = None</msg>
<status status="PASS" starttime="20230202 15:58:33.787" endtime="20230202 15:58:33.787"/>
</kw>
<kw name="Get Variable Value" library="BuiltIn">
<var>${TEST_TEARDOWN_VALUE}</var>
<arg>${TEST_TEARDOWN}</arg>
<doc>Returns variable value or ``default`` if the variable does not exist.</doc>
<msg timestamp="20230202 15:58:33.799" level="INFO">${TEST_TEARDOWN_VALUE} = None</msg>
<status status="PASS" starttime="20230202 15:58:33.787" endtime="20230202 15:58:33.799"/>
</kw>
<if>
<branch type="IF" condition="$TEST_265_TEARDOWN_VALUE is not None">
<kw name="Run Keyword" library="BuiltIn">
<arg>${TEST_265_TEARDOWN}</arg>
<doc>Executes the given keyword with the given arguments.</doc>
<status status="NOT RUN" starttime="20230202 15:58:33.805" endtime="20230202 15:58:33.805"/>
</kw>
<status status="NOT RUN" starttime="20230202 15:58:33.799" endtime="20230202 15:58:33.806"/>
</branch>
<status status="PASS" starttime="20230202 15:58:33.799" endtime="20230202 15:58:33.806"/>
</if>
<if>
<branch type="IF" condition="$TEST_TEARDOWN_VALUE is not None">
<kw name="Run Keyword" library="BuiltIn">
<arg>${TEST_TEARDOWN}</arg>
<doc>Executes the given keyword with the given arguments.</doc>
<status status="NOT RUN" starttime="20230202 15:58:33.807" endtime="20230202 15:58:33.807"/>
</kw>
<status status="NOT RUN" starttime="20230202 15:58:33.806" endtime="20230202 15:58:33.807"/>
</branch>
<status status="PASS" starttime="20230202 15:58:33.806" endtime="20230202 15:58:33.807"/>
</if>
<status status="PASS" starttime="20230202 15:58:33.786" endtime="20230202 15:58:33.807"/>
</kw>
<doc>Test "</doc>
<status status="PASS" starttime="20230202 15:58:33.704" endtime="20230202 15:58:33.809"/>
</test>
<doc>Test "</doc>
<meta name="Automation priority">null</meta>
<meta name="ID">265</meta>
<meta name="Test case importance">Low</meta>
<status status="PASS" starttime="20230202 15:58:33.567" endtime="20230202 15:58:33.821"/>
</suite>
<statistics>
<total>
<stat pass="1" fail="0" skip="0">All Tests</stat>
</total>
<tag>
</tag>
<suite>
<stat pass="1" fail="0" skip="0" id="s1" name="265 Test">265 Test</stat>
</suite>
</statistics>
<errors>
</errors>
</robot>
